#
# A fatal error has been detected by the Java Runtime Environment:
#
#  EXCEPTION_ACCESS_VIOLATION (0xc0000005) at pc=0x000000006f7b66ed, pid=5612, tid=0x0000000000001554
#
# JRE version: Java(TM) SE Runtime Environment (8.0_151-b12) (build 1.8.0_151-b12)
# Java VM: Java HotSpot(TM) 64-Bit Server VM (25.151-b12 mixed mode windows-amd64 compressed oops)
# Problematic frame:
# V  [jvm.dll+0xf66ed]
#
# Failed to write core dump. Minidumps are not enabled by default on client versions of Windows
#
# If you would like to submit a bug report, please visit:
#   http://bugreport.java.com/bugreport/crash.jsp
#

---------------  T H R E A D  ---------------

Current thread (0x0000000019717800):  VMThread [stack: 0x000000001a7a0000,0x000000001a8a0000] [id=5460]

siginfo: ExceptionCode=0xc0000005, reading address 0x0000000000000010

Registers:
RAX=0x00000000000000ff, RBX=0x0000000000000000, RCX=0x0000000000000000, RDX=0x00000000228fbb78
RSP=0x000000001a89f110, RBP=0x000000001a89f240, RSI=0x000000000000007a, RDI=0x00000000228fa290
R8 =0x00000000196269b0, R9 =0x0000000000000003, R10=0x0000000000000003, R11=0x00000000228fac15
R12=0x000000001a89f2d0, R13=0x000000001a89f2c0, R14=0x0000000000000000, R15=0x0000000000000018
RIP=0x000000006f7b66ed, EFLAGS=0x0000000000010202

Top of Stack: (sp=0x000000001a89f110)
0x000000001a89f110:   00000000000000b9 000000001a89f240
0x000000001a89f120:   00000000000000b9 0000000000000000
0x000000001a89f130:   0000000000000015 000000006f893f10
0x000000001a89f140:   0000000000000000 00000000000000b9
0x000000001a89f150:   00000000000000bb 000000001d5b28a8
0x000000001a89f160:   0000000000000000 000000001d5aa8c0
0x000000001a89f170:   0000000005c543a8 0000000005c54332
0x000000001a89f180:   00008721df7a110c 0000000005c54210
0x000000001a89f190:   0000000004c461a0 000000001d5acd50
0x000000001a89f1a0:   0000000000000000 000000006f750f64
0x000000001a89f1b0:   0000000005c54360 0000000000000000
0x000000001a89f1c0:   0000000000000000 0000000005c54360
0x000000001a89f1d0:   0000000000040298 000000006f7513c5
0x000000001a89f1e0:   000000001d5acd50 000000001d5b28a8
0x000000001a89f1f0:   000000001d5acd50 000000006f75ed2e
0x000000001a89f200:   00008721df7a1100 0000000000000002 

Instructions: (pc=0x000000006f7b66ed)
0x000000006f7b66cd:   0f b7 d8 48 63 c3 0f b7 44 c7 50 48 8b 44 c7 50
0x000000006f7b66dd:   48 89 44 24 30 f6 d0 48 8b 4c 24 30 a8 01 74 0f
0x000000006f7b66ed:   48 8b 41 10 48 8b 5c 24 38 48 83 c4 20 5f c3 48
0x000000006f7b66fd:   8b 5c 24 38 48 83 e1 fe 48 8b c1 48 83 c4 20 5f 


Register to memory mapping:

RAX=0x00000000000000ff is an unknown value
RBX=0x0000000000000000 is an unknown value
RCX=0x0000000000000000 is an unknown value
RDX=0x00000000228fbb78 is pointing into metadata
RSP=0x000000001a89f110 is an unknown value
RBP=0x000000001a89f240 is an unknown value
RSI=0x000000000000007a is an unknown value
RDI=0x00000000228fa290 is pointing into metadata
R8 =0x00000000196269b0 is an unknown value
R9 =0x0000000000000003 is an unknown value
R10=0x0000000000000003 is an unknown value
R11=0x00000000228fac15 is pointing into metadata
R12=0x000000001a89f2d0 is an unknown value
R13=0x000000001a89f2c0 is an unknown value
R14=0x0000000000000000 is an unknown value
R15=0x0000000000000018 is an unknown value


Stack: [0x000000001a7a0000,0x000000001a8a0000],  sp=0x000000001a89f110,  free space=1020k
Native frames: (J=compiled Java code, j=interpreted, Vv=VM code, C=native code)
V  [jvm.dll+0xf66ed]
V  [jvm.dll+0x1d3f10]
V  [jvm.dll+0x1d4e62]
V  [jvm.dll+0x1c2736]
V  [jvm.dll+0x1c7a49]
V  [jvm.dll+0x1c7f4b]
V  [jvm.dll+0x24b9a7]
V  [jvm.dll+0x24ac46]
V  [jvm.dll+0x24b0e1]
V  [jvm.dll+0x24b2fe]
V  [jvm.dll+0x29c3ea]
C  [msvcr100.dll+0x21d9f]
C  [msvcr100.dll+0x21e3b]
C  [KERNEL32.DLL+0x11fe4]
C  [ntdll.dll+0x6ef91]

VM_Operation (0x000000001b1cf110): RedefineClasses, mode: safepoint, requested by thread 0x000000001975d800


---------------  P R O C E S S  ---------------

Java Threads: ( => current thread )
  0x000000002007f800 JavaThread "http-nio-8000-AsyncTimeout" daemon [_thread_blocked, id=6088, stack(0x0000000026450000,0x0000000026550000)]
  0x0000000020086000 JavaThread "http-nio-8000-Acceptor-0" daemon [_thread_in_native, id=7152, stack(0x0000000026350000,0x0000000026450000)]
  0x0000000020085000 JavaThread "http-nio-8000-ClientPoller-1" daemon [_thread_in_native, id=1464, stack(0x0000000026250000,0x0000000026350000)]
  0x0000000020084800 JavaThread "http-nio-8000-ClientPoller-0" daemon [_thread_in_native, id=5664, stack(0x0000000026150000,0x0000000026250000)]
  0x0000000020082000 JavaThread "http-nio-8000-exec-10" daemon [_thread_blocked, id=3116, stack(0x0000000026050000,0x0000000026150000)]
  0x0000000020082800 JavaThread "http-nio-8000-exec-9" daemon [_thread_blocked, id=4224, stack(0x0000000025f50000,0x0000000026050000)]
  0x0000000020086800 JavaThread "http-nio-8000-exec-8" daemon [_thread_blocked, id=2352, stack(0x0000000025e50000,0x0000000025f50000)]
  0x000000002007b000 JavaThread "http-nio-8000-exec-7" daemon [_thread_blocked, id=12208, stack(0x0000000025d50000,0x0000000025e50000)]
  0x000000002007d800 JavaThread "http-nio-8000-exec-6" daemon [_thread_blocked, id=8240, stack(0x0000000025c50000,0x0000000025d50000)]
  0x000000002007f000 JavaThread "http-nio-8000-exec-5" daemon [_thread_blocked, id=4068, stack(0x0000000025b50000,0x0000000025c50000)]
  0x000000002007c800 JavaThread "http-nio-8000-exec-4" daemon [_thread_blocked, id=4264, stack(0x0000000025a50000,0x0000000025b50000)]
  0x000000002007a800 JavaThread "http-nio-8000-exec-3" daemon [_thread_blocked, id=7616, stack(0x0000000025950000,0x0000000025a50000)]
  0x0000000020079800 JavaThread "http-nio-8000-exec-2" daemon [_thread_blocked, id=2604, stack(0x0000000025850000,0x0000000025950000)]
  0x000000002007c000 JavaThread "http-nio-8000-exec-1" daemon [_thread_blocked, id=4188, stack(0x0000000025750000,0x0000000025850000)]
  0x000000002007e000 JavaThread "NioBlockingSelector.BlockPoller-3" daemon [_thread_in_native, id=3992, stack(0x0000000025650000,0x0000000025750000)]
  0x000000001bdd8000 JavaThread "File Watcher" daemon [_thread_blocked, id=4876, stack(0x0000000025550000,0x0000000025650000)]
  0x000000001bdd8800 JavaThread "Tomcat JDBC Pool Cleaner[414493378:1515327341626]" daemon [_thread_blocked, id=11848, stack(0x0000000025450000,0x0000000025550000)]
  0x000000001bddb000 JavaThread "container-0" [_thread_blocked, id=5108, stack(0x0000000025350000,0x0000000025450000)]
  0x000000001bdd9800 JavaThread "ContainerBackgroundProcessor[StandardEngine[Tomcat]]" daemon [_thread_blocked, id=7904, stack(0x0000000025250000,0x0000000025350000)]
  0x0000000020081000 JavaThread "DestroyJavaVM" [_thread_blocked, id=12096, stack(0x0000000004a00000,0x0000000004b00000)]
  0x000000001bdd6800 JavaThread "Live Reload Server" daemon [_thread_in_native, id=4152, stack(0x0000000021450000,0x0000000021550000)]
  0x000000001bdda000 JavaThread "Abandoned connection cleanup thread" daemon [_thread_blocked, id=9924, stack(0x000000001f380000,0x000000001f480000)]
  0x000000001be19800 JavaThread "RMI TCP Accept-0" daemon [_thread_in_native, id=7236, stack(0x000000001c5d0000,0x000000001c6d0000)]
  0x000000001be14800 JavaThread "RMI TCP Accept-53760" daemon [_thread_in_native, id=9472, stack(0x000000001c4d0000,0x000000001c5d0000)]
  0x000000001be00800 JavaThread "RMI TCP Accept-0" daemon [_thread_in_native, id=2592, stack(0x000000001c3d0000,0x000000001c4d0000)]
  0x000000001b72e800 JavaThread "Service Thread" daemon [_thread_blocked, id=6824, stack(0x000000001bad0000,0x000000001bbd0000)]
  0x0000000019784800 JavaThread "C1 CompilerThread2" daemon [_thread_blocked, id=2204, stack(0x000000001b5d0000,0x000000001b6d0000)]
  0x000000001977a800 JavaThread "C2 CompilerThread1" daemon [_thread_blocked, id=5172, stack(0x000000001b4d0000,0x000000001b5d0000)]
  0x000000001977e800 JavaThread "C2 CompilerThread0" daemon [_thread_blocked, id=5332, stack(0x000000001b3d0000,0x000000001b4d0000)]
  0x000000001976e000 JavaThread "JDWP Command Reader" daemon [_thread_in_native, id=8224, stack(0x000000001b2d0000,0x000000001b3d0000)]
  0x000000001976c800 JavaThread "JDWP Event Helper Thread" daemon [_thread_blocked, id=5508, stack(0x000000001b1d0000,0x000000001b2d0000)]
  0x000000001975d800 JavaThread "JDWP Transport Listener: dt_socket" daemon [_thread_blocked, id=6164, stack(0x000000001b0d0000,0x000000001b1d0000)]
  0x0000000019753000 JavaThread "Attach Listener" daemon [_thread_blocked, id=2448, stack(0x000000001ac90000,0x000000001ad90000)]
  0x0000000019751800 JavaThread "Signal Dispatcher" daemon [_thread_blocked, id=6988, stack(0x000000001ab90000,0x000000001ac90000)]
  0x000000001973a000 JavaThread "Finalizer" daemon [_thread_blocked, id=7820, stack(0x000000001a9a0000,0x000000001aaa0000)]
  0x0000000004bf4000 JavaThread "Reference Handler" daemon [_thread_blocked, id=8660, stack(0x000000001a8a0000,0x000000001a9a0000)]

Other Threads:
=>0x0000000019717800 VMThread [stack: 0x000000001a7a0000,0x000000001a8a0000] [id=5460]
  0x000000001be1e000 WatcherThread [stack: 0x000000001c6d0000,0x000000001c7d0000] [id=7676]

VM state:at safepoint (normal execution)

VM Mutex/Monitor currently owned by a thread:  ([mutex/lock_event])
[0x0000000004b026d0] Threads_lock - owner thread: 0x0000000019717800

Heap:
 PSYoungGen      total 328704K, used 79081K [0x00000000d5d80000, 0x00000000eb480000, 0x0000000100000000)
  eden space 306688K, 21% used [0x00000000d5d80000,0x00000000d9de3240,0x00000000e8900000)
  from space 22016K, 59% used [0x00000000e9e80000,0x00000000eab571e8,0x00000000eb400000)
  to   space 22016K, 0% used [0x00000000e8900000,0x00000000e8900000,0x00000000e9e80000)
 ParOldGen       total 105472K, used 31326K [0x0000000081800000, 0x0000000087f00000, 0x00000000d5d80000)
  object space 105472K, 29% used [0x0000000081800000,0x00000000836979d0,0x0000000087f00000)
 Metaspace       used 54941K, capacity 56090K, committed 56232K, reserved 1097728K
  class space    used 6937K, capacity 7232K, committed 7344K, reserved 1048576K

Card table byte_map: [0x0000000013fc0000,0x00000000143c0000] byte_map_base: 0x0000000013bb4000

Marking Bits: (ParMarkBitMap*) 0x000000006fedd850
 Begin Bits: [0x0000000014a70000, 0x0000000016a10000)
 End Bits:   [0x0000000016a10000, 0x00000000189b0000)

Polling page: 0x0000000002f40000

CodeCache: size=245760Kb used=16699Kb max_used=16699Kb free=229060Kb
 bounds [0x0000000004c00000, 0x0000000005c60000, 0x0000000013c00000]
 total_blobs=8300 nmethods=7732 adapters=487
 compilation: enabled

Compilation events (10 events):
Event: 299.576 Thread 0x0000000019784800 7889       1       ch.qos.logback.core.UnsynchronizedAppenderBase::getFilterChainDecision (9 bytes)
Event: 299.576 Thread 0x0000000019784800 nmethod 7889 0x0000000005c53110 code [0x0000000005c53260, 0x0000000005c533a8]
Event: 299.576 Thread 0x0000000019784800 7890       1       org.slf4j.MDC::getMDCAdapter (4 bytes)
Event: 299.576 Thread 0x0000000019784800 nmethod 7890 0x0000000005c53450 code [0x0000000005c535a0, 0x0000000005c53690]
Event: 299.578 Thread 0x0000000019784800 7892   !   1       java.nio.channels.spi.AbstractSelectableChannel::findKey (77 bytes)
Event: 299.579 Thread 0x0000000019784800 nmethod 7892 0x0000000005c53710 code [0x0000000005c538a0, 0x0000000005c53ce8]
Event: 299.580 Thread 0x0000000019784800 7893       1       java.util.concurrent.atomic.AtomicLong::get (5 bytes)
Event: 299.580 Thread 0x0000000019784800 nmethod 7893 0x0000000005c53f50 code [0x0000000005c540a0, 0x0000000005c541b0]
Event: 299.580 Thread 0x0000000019784800 7894       1       java.nio.channels.spi.AbstractSelectableChannel::keyFor (6 bytes)
Event: 299.580 Thread 0x0000000019784800 nmethod 7894 0x0000000005c54210 code [0x0000000005c54360, 0x0000000005c544a8]

GC Heap History (10 events):
Event: 178.847 GC heap before
{Heap before GC invocations=14 (full 3):
 PSYoungGen      total 266240K, used 19455K [0x00000000d5d80000, 0x00000000e7b80000, 0x0000000100000000)
  eden space 246784K, 0% used [0x00000000d5d80000,0x00000000d5d80000,0x00000000e4e80000)
  from space 19456K, 99% used [0x00000000e5680000,0x00000000e697fc80,0x00000000e6980000)
  to   space 18432K, 0% used [0x00000000e6980000,0x00000000e6980000,0x00000000e7b80000)
 ParOldGen       total 105472K, used 27105K [0x0000000081800000, 0x0000000087f00000, 0x00000000d5d80000)
  object space 105472K, 25% used [0x0000000081800000,0x0000000083278448,0x0000000087f00000)
 Metaspace       used 53169K, capacity 53878K, committed 54312K, reserved 1097728K
  class space    used 6767K, capacity 6960K, committed 6960K, reserved 1048576K
Event: 179.106 GC heap after
Heap after GC invocations=14 (full 3):
 PSYoungGen      total 266240K, used 0K [0x00000000d5d80000, 0x00000000e7b80000, 0x0000000100000000)
  eden space 246784K, 0% used [0x00000000d5d80000,0x00000000d5d80000,0x00000000e4e80000)
  from space 19456K, 0% used [0x00000000e5680000,0x00000000e5680000,0x00000000e6980000)
  to   space 18432K, 0% used [0x00000000e6980000,0x00000000e6980000,0x00000000e7b80000)
 ParOldGen       total 105472K, used 38467K [0x0000000081800000, 0x0000000087f00000, 0x00000000d5d80000)
  object space 105472K, 36% used [0x0000000081800000,0x0000000083d90f00,0x0000000087f00000)
 Metaspace       used 53133K, capacity 53784K, committed 54312K, reserved 1097728K
  class space    used 6764K, capacity 6954K, committed 6960K, reserved 1048576K
}
Event: 182.268 GC heap before
{Heap before GC invocations=15 (full 3):
 PSYoungGen      total 266240K, used 246784K [0x00000000d5d80000, 0x00000000e7b80000, 0x0000000100000000)
  eden space 246784K, 100% used [0x00000000d5d80000,0x00000000e4e80000,0x00000000e4e80000)
  from space 19456K, 0% used [0x00000000e5680000,0x00000000e5680000,0x00000000e6980000)
  to   space 18432K, 0% used [0x00000000e6980000,0x00000000e6980000,0x00000000e7b80000)
 ParOldGen       total 105472K, used 38467K [0x0000000081800000, 0x0000000087f00000, 0x00000000d5d80000)
  object space 105472K, 36% used [0x0000000081800000,0x0000000083d90f00,0x0000000087f00000)
 Metaspace       used 54027K, capacity 54956K, committed 55080K, reserved 1097728K
  class space    used 6857K, capacity 7102K, committed 7216K, reserved 1048576K
Event: 182.286 GC heap after
Heap after GC invocations=15 (full 3):
 PSYoungGen      total 270336K, used 12845K [0x00000000d5d80000, 0x00000000eb500000, 0x0000000100000000)
  eden space 251904K, 0% used [0x00000000d5d80000,0x00000000d5d80000,0x00000000e5380000)
  from space 18432K, 69% used [0x00000000e6980000,0x00000000e760b688,0x00000000e7b80000)
  to   space 22528K, 0% used [0x00000000e5380000,0x00000000e5380000,0x00000000e6980000)
 ParOldGen       total 105472K, used 38475K [0x0000000081800000, 0x0000000087f00000, 0x00000000d5d80000)
  object space 105472K, 36% used [0x0000000081800000,0x0000000083d92f00,0x0000000087f00000)
 Metaspace       used 54027K, capacity 54956K, committed 55080K, reserved 1097728K
  class space    used 6857K, capacity 7102K, committed 7216K, reserved 1048576K
}
Event: 275.400 GC heap before
{Heap before GC invocations=16 (full 3):
 PSYoungGen      total 270336K, used 95790K [0x00000000d5d80000, 0x00000000eb500000, 0x0000000100000000)
  eden space 251904K, 32% used [0x00000000d5d80000,0x00000000dae80190,0x00000000e5380000)
  from space 18432K, 69% used [0x00000000e6980000,0x00000000e760b688,0x00000000e7b80000)
  to   space 22528K, 0% used [0x00000000e5380000,0x00000000e5380000,0x00000000e6980000)
 ParOldGen       total 105472K, used 38475K [0x0000000081800000, 0x0000000087f00000, 0x00000000d5d80000)
  object space 105472K, 36% used [0x0000000081800000,0x0000000083d92f00,0x0000000087f00000)
 Metaspace       used 54199K, capacity 55226K, committed 55336K, reserved 1097728K
  class space    used 6869K, capacity 7117K, committed 7216K, reserved 1048576K
Event: 275.413 GC heap after
Heap after GC invocations=16 (full 3):
 PSYoungGen      total 274432K, used 6961K [0x00000000d5d80000, 0x00000000eb400000, 0x0000000100000000)
  eden space 251904K, 0% used [0x00000000d5d80000,0x00000000d5d80000,0x00000000e5380000)
  from space 22528K, 30% used [0x00000000e5380000,0x00000000e5a4c790,0x00000000e6980000)
  to   space 22016K, 0% used [0x00000000e9e80000,0x00000000e9e80000,0x00000000eb400000)
 ParOldGen       total 105472K, used 38483K [0x0000000081800000, 0x0000000087f00000, 0x00000000d5d80000)
  object space 105472K, 36% used [0x0000000081800000,0x0000000083d94f00,0x0000000087f00000)
 Metaspace       used 54199K, capacity 55226K, committed 55336K, reserved 1097728K
  class space    used 6869K, capacity 7117K, committed 7216K, reserved 1048576K
}
Event: 275.413 GC heap before
{Heap before GC invocations=17 (full 4):
 PSYoungGen      total 274432K, used 6961K [0x00000000d5d80000, 0x00000000eb400000, 0x0000000100000000)
  eden space 251904K, 0% used [0x00000000d5d80000,0x00000000d5d80000,0x00000000e5380000)
  from space 22528K, 30% used [0x00000000e5380000,0x00000000e5a4c790,0x00000000e6980000)
  to   space 22016K, 0% used [0x00000000e9e80000,0x00000000e9e80000,0x00000000eb400000)
 ParOldGen       total 105472K, used 38483K [0x0000000081800000, 0x0000000087f00000, 0x00000000d5d80000)
  object space 105472K, 36% used [0x0000000081800000,0x0000000083d94f00,0x0000000087f00000)
 Metaspace       used 54199K, capacity 55226K, committed 55336K, reserved 1097728K
  class space    used 6869K, capacity 7117K, committed 7216K, reserved 1048576K
Event: 275.658 GC heap after
Heap after GC invocations=17 (full 4):
 PSYoungGen      total 274432K, used 0K [0x00000000d5d80000, 0x00000000eb400000, 0x0000000100000000)
  eden space 251904K, 0% used [0x00000000d5d80000,0x00000000d5d80000,0x00000000e5380000)
  from space 22528K, 0% used [0x00000000e5380000,0x00000000e5380000,0x00000000e6980000)
  to   space 22016K, 0% used [0x00000000e9e80000,0x00000000e9e80000,0x00000000eb400000)
 ParOldGen       total 105472K, used 31318K [0x0000000081800000, 0x0000000087f00000, 0x00000000d5d80000)
  object space 105472K, 29% used [0x0000000081800000,0x00000000836959d0,0x0000000087f00000)
 Metaspace       used 54161K, capacity 55126K, committed 55336K, reserved 1097728K
  class space    used 6866K, capacity 7109K, committed 7216K, reserved 1048576K
}
Event: 278.751 GC heap before
{Heap before GC invocations=18 (full 4):
 PSYoungGen      total 274432K, used 251904K [0x00000000d5d80000, 0x00000000eb400000, 0x0000000100000000)
  eden space 251904K, 100% used [0x00000000d5d80000,0x00000000e5380000,0x00000000e5380000)
  from space 22528K, 0% used [0x00000000e5380000,0x00000000e5380000,0x00000000e6980000)
  to   space 22016K, 0% used [0x00000000e9e80000,0x00000000e9e80000,0x00000000eb400000)
 ParOldGen       total 105472K, used 31318K [0x0000000081800000, 0x0000000087f00000, 0x00000000d5d80000)
  object space 105472K, 29% used [0x0000000081800000,0x00000000836959d0,0x0000000087f00000)
 Metaspace       used 54836K, capacity 55918K, committed 56104K, reserved 1097728K
  class space    used 6926K, capacity 7213K, committed 7216K, reserved 1048576K
Event: 278.768 GC heap after
Heap after GC invocations=18 (full 4):
 PSYoungGen      total 328704K, used 13148K [0x00000000d5d80000, 0x00000000eb480000, 0x0000000100000000)
  eden space 306688K, 0% used [0x00000000d5d80000,0x00000000d5d80000,0x00000000e8900000)
  from space 22016K, 59% used [0x00000000e9e80000,0x00000000eab571e8,0x00000000eb400000)
  to   space 22016K, 0% used [0x00000000e8900000,0x00000000e8900000,0x00000000e9e80000)
 ParOldGen       total 105472K, used 31326K [0x0000000081800000, 0x0000000087f00000, 0x00000000d5d80000)
  object space 105472K, 29% used [0x0000000081800000,0x00000000836979d0,0x0000000087f00000)
 Metaspace       used 54836K, capacity 55918K, committed 56104K, reserved 1097728K
  class space    used 6926K, capacity 7213K, committed 7216K, reserved 1048576K
}

Deoptimization events (0 events):
No events

Internal exceptions (10 events):
Event: 292.130 Thread 0x000000002007f000 Exception <a 'java/lang/ClassNotFoundException': org/springframework/web/servlet/tags/form/AbstractDataBoundFormElementTagCustomizer> (0x00000000d8aa38e8) thrown at [C:\re\workspace\8-2-build-windows-amd64-cygwin\jdk8u151\9699\hotspot\src\share\vm\classfi
Event: 292.132 Thread 0x000000002007f000 Exception <a 'java/lang/ClassNotFoundException': org/springframework/web/servlet/tags/form/AbstractHtmlElementTagCustomizer> (0x00000000d8ac9a10) thrown at [C:\re\workspace\8-2-build-windows-amd64-cygwin\jdk8u151\9699\hotspot\src\share\vm\classfile\system
Event: 292.134 Thread 0x000000002007f000 Exception <a 'java/lang/ClassNotFoundException': org/springframework/web/servlet/tags/form/FormTagCustomizer> (0x00000000d8af4cf0) thrown at [C:\re\workspace\8-2-build-windows-amd64-cygwin\jdk8u151\9699\hotspot\src\share\vm\classfile\systemDictionary.cpp,
Event: 292.140 Thread 0x000000002007f000 Exception <a 'java/lang/ArrayIndexOutOfBoundsException'> (0x00000000d8b8c950) thrown at [C:\re\workspace\8-2-build-windows-amd64-cygwin\jdk8u151\9699\hotspot\src\share\vm\runtime\sharedRuntime.cpp, line 605]
Event: 292.260 Thread 0x000000002007f000 Exception <a 'java/lang/ClassNotFoundException': hr/petsonly/model/details/UserDetailsMoreBeanInfo> (0x00000000d94e0998) thrown at [C:\re\workspace\8-2-build-windows-amd64-cygwin\jdk8u151\9699\hotspot\src\share\vm\classfile\systemDictionary.cpp, line 210]
Event: 292.263 Thread 0x000000002007f000 Exception <a 'java/lang/ClassNotFoundException': hr/petsonly/model/details/UserDetailsBasicBeanInfo> (0x00000000d94f7e60) thrown at [C:\re\workspace\8-2-build-windows-amd64-cygwin\jdk8u151\9699\hotspot\src\share\vm\classfile\systemDictionary.cpp, line 210
Event: 292.266 Thread 0x000000002007f000 Exception <a 'java/lang/ClassNotFoundException': hr/petsonly/model/details/UserDetailsBasicCustomizer> (0x00000000d9510030) thrown at [C:\re\workspace\8-2-build-windows-amd64-cygwin\jdk8u151\9699\hotspot\src\share\vm\classfile\systemDictionary.cpp, line 2
Event: 292.266 Thread 0x000000002007f000 Exception <a 'java/lang/ArrayIndexOutOfBoundsException'> (0x00000000d9514378) thrown at [C:\re\workspace\8-2-build-windows-amd64-cygwin\jdk8u151\9699\hotspot\src\share\vm\runtime\sharedRuntime.cpp, line 605]
Event: 292.267 Thread 0x000000002007f000 Exception <a 'java/lang/ArrayIndexOutOfBoundsException'> (0x00000000d9516ef8) thrown at [C:\re\workspace\8-2-build-windows-amd64-cygwin\jdk8u151\9699\hotspot\src\share\vm\runtime\sharedRuntime.cpp, line 605]
Event: 292.270 Thread 0x000000002007f000 Exception <a 'java/lang/ClassNotFoundException': hr/petsonly/model/details/UserDetailsMoreCustomizer> (0x00000000d953a270) thrown at [C:\re\workspace\8-2-build-windows-amd64-cygwin\jdk8u151\9699\hotspot\src\share\vm\classfile\systemDictionary.cpp, line 21

Events (10 events):
Event: 299.570 Thread 0x0000000020082800 DEOPT UNPACKING pc=0x0000000004c4787f sp=0x000000002604a8d0 mode 1
Event: 299.570 Thread 0x0000000020082800 DEOPT PACKING pc=0x0000000004fc3f84 sp=0x000000002604ac00
Event: 299.570 Thread 0x0000000020082800 DEOPT UNPACKING pc=0x0000000004c4787f sp=0x000000002604a950 mode 1
Event: 299.570 Thread 0x0000000020082800 DEOPT PACKING pc=0x0000000004faa314 sp=0x000000002604ac80
Event: 299.570 Thread 0x0000000020082800 DEOPT UNPACKING pc=0x0000000004c4787f sp=0x000000002604aa48 mode 1
Event: 299.576 Thread 0x0000000020082800 DEOPT PACKING pc=0x00000000051003a4 sp=0x000000002604db40
Event: 299.576 Thread 0x0000000020082800 DEOPT UNPACKING pc=0x0000000004c4787f sp=0x000000002604d8e0 mode 1
Event: 299.576 Thread 0x0000000020082800 DEOPT PACKING pc=0x0000000005103fcc sp=0x000000002604dc10
Event: 299.576 Thread 0x0000000020082800 DEOPT UNPACKING pc=0x0000000004c4787f sp=0x000000002604da78 mode 1
Event: 313.942 Executing VM operation: RedefineClasses


Dynamic libraries:
0x00007ff7fd620000 - 0x00007ff7fd657000 	C:\Program Files\Java\jre1.8.0_151\bin\javaw.exe
0x00007ff9a2780000 - 0x00007ff9a2960000 	C:\WINDOWS\SYSTEM32\ntdll.dll
0x00007ff9900e0000 - 0x00007ff990114000 	C:\Program Files\AVAST Software\Avast\x64\aswhooka.dll
0x00007ff9a1fe0000 - 0x00007ff9a208e000 	C:\WINDOWS\System32\KERNEL32.DLL
0x00007ff99ed50000 - 0x00007ff99efb6000 	C:\WINDOWS\System32\KERNELBASE.dll
0x00007ff9a13c0000 - 0x00007ff9a1461000 	C:\WINDOWS\System32\ADVAPI32.dll
0x00007ff9a1920000 - 0x00007ff9a19bd000 	C:\WINDOWS\System32\msvcrt.dll
0x00007ff9a19f0000 - 0x00007ff9a1a4b000 	C:\WINDOWS\System32\sechost.dll
0x00007ff99fc50000 - 0x00007ff99fd6f000 	C:\WINDOWS\System32\RPCRT4.dll
0x00007ff9a23a0000 - 0x00007ff9a252f000 	C:\WINDOWS\System32\USER32.dll
0x00007ff99fc30000 - 0x00007ff99fc50000 	C:\WINDOWS\System32\win32u.dll
0x00007ff9a1f90000 - 0x00007ff9a1fb8000 	C:\WINDOWS\System32\GDI32.dll
0x00007ff99f110000 - 0x00007ff99f2a3000 	C:\WINDOWS\System32\gdi32full.dll
0x00007ff99f070000 - 0x00007ff99f10b000 	C:\WINDOWS\System32\msvcp_win.dll
0x00007ff99ec50000 - 0x00007ff99ed46000 	C:\WINDOWS\System32\ucrtbase.dll
0x00007ff997760000 - 0x00007ff9979c9000 	C:\WINDOWS\WinSxS\amd64_microsoft.windows.common-controls_6595b64144ccf1df_6.0.16299.125_none_15cbcf8893620c09\COMCTL32.dll
0x00007ff9a2090000 - 0x00007ff9a2398000 	C:\WINDOWS\System32\combase.dll
0x00007ff99eb80000 - 0x00007ff99ebf2000 	C:\WINDOWS\System32\bcryptPrimitives.dll
0x00007ff9a19c0000 - 0x00007ff9a19ed000 	C:\WINDOWS\System32\IMM32.DLL
0x000000006f5e0000 - 0x000000006f6b2000 	C:\Program Files\Java\jre1.8.0_151\bin\msvcr100.dll
0x000000006f6c0000 - 0x000000006ff5d000 	C:\Program Files\Java\jre1.8.0_151\bin\server\jvm.dll
0x00007ff9a1d50000 - 0x00007ff9a1d58000 	C:\WINDOWS\System32\PSAPI.DLL
0x00007ff98fa60000 - 0x00007ff98fa69000 	C:\WINDOWS\SYSTEM32\WSOCK32.dll
0x00007ff9a1350000 - 0x00007ff9a13bc000 	C:\WINDOWS\System32\WS2_32.dll
0x00007ff99ce70000 - 0x00007ff99ce93000 	C:\WINDOWS\SYSTEM32\WINMM.dll
0x00007ff98fa70000 - 0x00007ff98fa7a000 	C:\WINDOWS\SYSTEM32\VERSION.dll
0x00007ff99ce40000 - 0x00007ff99ce6a000 	C:\WINDOWS\SYSTEM32\WINMMBASE.dll
0x00007ff99ec00000 - 0x00007ff99ec4a000 	C:\WINDOWS\System32\cfgmgr32.dll
0x000000006f5d0000 - 0x000000006f5df000 	C:\Program Files\Java\jre1.8.0_151\bin\verify.dll
0x000000006f5a0000 - 0x000000006f5c9000 	C:\Program Files\Java\jre1.8.0_151\bin\java.dll
0x000000006e830000 - 0x000000006e865000 	C:\Program Files\Java\jre1.8.0_151\bin\jdwp.dll
0x000000006e820000 - 0x000000006e828000 	C:\Program Files\Java\jre1.8.0_151\bin\npt.dll
0x000000006f580000 - 0x000000006f596000 	C:\Program Files\Java\jre1.8.0_151\bin\zip.dll
0x00007ff99ff10000 - 0x00007ff9a1346000 	C:\WINDOWS\System32\SHELL32.dll
0x00007ff9a1b30000 - 0x00007ff9a1bd6000 	C:\WINDOWS\System32\shcore.dll
0x00007ff99f2b0000 - 0x00007ff99f9f7000 	C:\WINDOWS\System32\windows.storage.dll
0x00007ff9a1e80000 - 0x00007ff9a1ed1000 	C:\WINDOWS\System32\shlwapi.dll
0x00007ff99eb40000 - 0x00007ff99eb51000 	C:\WINDOWS\System32\kernel.appcore.dll
0x00007ff99eaf0000 - 0x00007ff99eb3c000 	C:\WINDOWS\System32\powrprof.dll
0x00007ff99eb60000 - 0x00007ff99eb7b000 	C:\WINDOWS\System32\profapi.dll
0x000000006e810000 - 0x000000006e819000 	C:\Program Files\Java\jre1.8.0_151\bin\dt_socket.dll
0x00007ff98ea80000 - 0x00007ff98ea96000 	C:\WINDOWS\system32\napinsp.dll
0x00007ff98ea60000 - 0x00007ff98ea7a000 	C:\WINDOWS\system32\pnrpnsp.dll
0x00007ff99b760000 - 0x00007ff99b778000 	C:\WINDOWS\system32\NLAapi.dll
0x00007ff99e360000 - 0x00007ff99e3c6000 	C:\WINDOWS\System32\mswsock.dll
0x00007ff99e140000 - 0x00007ff99e1f6000 	C:\WINDOWS\SYSTEM32\DNSAPI.dll
0x00007ff9a1e70000 - 0x00007ff9a1e78000 	C:\WINDOWS\System32\NSI.dll
0x00007ff99e0f0000 - 0x00007ff99e129000 	C:\WINDOWS\SYSTEM32\IPHLPAPI.DLL
0x00007ff98e900000 - 0x00007ff98e90e000 	C:\WINDOWS\System32\winrnr.dll
0x00007ff98e8e0000 - 0x00007ff98e8f5000 	C:\WINDOWS\System32\wshbth.dll
0x00007ff9962c0000 - 0x00007ff996330000 	C:\WINDOWS\System32\fwpuclnt.dll
0x00007ff99e630000 - 0x00007ff99e655000 	C:\WINDOWS\SYSTEM32\bcrypt.dll
0x00007ff995500000 - 0x00007ff99550a000 	C:\Windows\System32\rasadhlp.dll
0x000000006f4f0000 - 0x000000006f4fd000 	C:\Program Files\Java\jre1.8.0_151\bin\management.dll
0x000000006f560000 - 0x000000006f57a000 	C:\Program Files\Java\jre1.8.0_151\bin\net.dll
0x000000006f540000 - 0x000000006f551000 	C:\Program Files\Java\jre1.8.0_151\bin\nio.dll
0x00007ff99e520000 - 0x00007ff99e537000 	C:\WINDOWS\SYSTEM32\CRYPTSP.dll
0x00007ff99df70000 - 0x00007ff99dfa3000 	C:\WINDOWS\system32\rsaenh.dll
0x00007ff99ea00000 - 0x00007ff99ea29000 	C:\WINDOWS\SYSTEM32\USERENV.dll
0x00007ff99e540000 - 0x00007ff99e54b000 	C:\WINDOWS\SYSTEM32\CRYPTBASE.dll
0x00007ff997ae0000 - 0x00007ff997af6000 	C:\WINDOWS\SYSTEM32\dhcpcsvc6.DLL
0x00007ff997b90000 - 0x00007ff997baa000 	C:\WINDOWS\SYSTEM32\dhcpcsvc.DLL
0x00007ff995700000 - 0x00007ff9958c8000 	C:\WINDOWS\SYSTEM32\dbghelp.dll

VM Arguments:
jvm_args: -agentlib:jdwp=transport=dt_socket,suspend=y,address=localhost:53761 -Dcom.sun.management.jmxremote -Dcom.sun.management.jmxremote.port=53760 -Dcom.sun.management.jmxremote.authenticate=false -Dcom.sun.management.jmxremote.ssl=false -Djava.rmi.server.hostname=localhost -Dspring.application.admin.enabled=true -Xverify:none -XX:TieredStopAtLevel=1 -Dfile.encoding=UTF-8 
java_command: hr.petsonly.DemoApplication
java_class_path (initial): C:\Program Files\Java\jre1.8.0_151\lib\resources.jar;C:\Program Files\Java\jre1.8.0_151\lib\rt.jar;C:\Program Files\Java\jre1.8.0_151\lib\jsse.jar;C:\Program Files\Java\jre1.8.0_151\lib\jce.jar;C:\Program Files\Java\jre1.8.0_151\lib\charsets.jar;C:\Program Files\Java\jre1.8.0_151\lib\jfr.jar;C:\Program Files\Java\jre1.8.0_151\lib\ext\access-bridge-64.jar;C:\Program Files\Java\jre1.8.0_151\lib\ext\cldrdata.jar;C:\Program Files\Java\jre1.8.0_151\lib\ext\dnsns.jar;C:\Program Files\Java\jre1.8.0_151\lib\ext\jaccess.jar;C:\Program Files\Java\jre1.8.0_151\lib\ext\jfxrt.jar;C:\Program Files\Java\jre1.8.0_151\lib\ext\localedata.jar;C:\Program Files\Java\jre1.8.0_151\lib\ext\nashorn.jar;C:\Program Files\Java\jre1.8.0_151\lib\ext\sunec.jar;C:\Program Files\Java\jre1.8.0_151\lib\ext\sunjce_provider.jar;C:\Program Files\Java\jre1.8.0_151\lib\ext\sunmscapi.jar;C:\Program Files\Java\jre1.8.0_151\lib\ext\sunpkcs11.jar;C:\Program Files\Java\jre1.8.0_151\lib\ext\zipfs.jar;C:\Users\antun\eclipse-workspace\PetsOnlyZg\target\classes;C:\Users\antun\.m2\repository\org\springframework\boot\spring-boot-starter-web\1.5.6.RELEASE\spring-boot-starter-web-1.5.6.RELEASE.jar;C:\Users\antun\.m2\repository\org\springframework\boot\spring-boot-starter\1.5.6.RELEASE\spring-boot-starter-1.5.6.RELEASE.jar;C:\Users\antun\.m2\repository\org\springframework\boot\spring-boot-starter-logging\1.5.6.RELEASE\spring-boot-starter-logging-1.5.6.RELEASE.jar;C:\Users\antun\.m2\repository\ch\qos\logback\logback-classic\1.1.11\logback-classic-1.1.11.jar;C:\Users\antun\.m2\repository\ch\qos\logback\logback-core\1.1.11\logback-core-1.1.11.jar;C:\Users\antun\.m2\repository\org\slf4j\jul-to-slf4j\1.7.25\jul-to-slf4j-1.7.25.jar;C:\Users\antun\.m2\repository\org\slf4j\log4j-over-slf4j\1.7.25\log4j-over-slf4j-1.7.25.jar;C:\Users\antun\.m2\repository\org\yaml\snakeyaml\1.17\snakeyaml-1.17.jar;C:\Users\antun\.m2\repository\org\springframework\boot\spring-boot-starter-tomcat\1.5.6.RELEASE\spring-b
Launcher Type: SUN_STANDARD

Environment Variables:
JAVA_HOME=C:\Program Files\Java\jdk1.8.0_151
PATH=C:/Program Files/Java/jre1.8.0_151/bin/server;C:/Program Files/Java/jre1.8.0_151/bin;C:/Program Files/Java/jre1.8.0_151/lib/amd64;C:\Program Files\Java\jdk1.8.0_151;C:\Program Files\Apache\Maven\bin;C:\ProgramData\Oracle\Java\javapath;C:\WINDOWS\system32;C:\WINDOWS;C:\WINDOWS\System32\Wbem;C:\WINDOWS\System32\WindowsPowerShell\v1.0\;C:\Users\antun\Documents\Projekti;C:\Program Files (x86)\ATI Technologies\ATI.ACE\Core-Static;C:\Program Files\Java\jdk1.8.0_151\bin;C:\Program Files\MiKTeX 2.9\miktex\bin\x64\;C:\Program Files (x86)\Pandoc\;C:\Program Files\Sublime Text 3;C:\usr\db-derby-10.14.1.0-bin;C:\mySQL\bin;C:\Program Files\MySQL\MySQL Server 5.7\bin;C:\Program Files\Apache Software Foundation\Tomcat 8.5;"C:\Program Files\Apache Software Foundation\Tomcat 8.5\bin\startup.bat";"C:\Program Files\Apache Software Foundation\Tomcat 8.5\bin\shutdown.bat";C:\Users\antun\AppData\Local\Microsoft\WindowsApps;C:\Users\antun\AppData\Local\Google\Cloud SDK\google-cloud-sdk\bin;C:\WINDOWS\System32;
USERNAME=antun
OS=Windows_NT
PROCESSOR_IDENTIFIER=Intel64 Family 6 Model 58 Stepping 9, GenuineIntel



---------------  S Y S T E M  ---------------

OS: Windows 10.0 , 64 bit Build 16299 (10.0.16299.15)

CPU:total 4 (initial active 4) (2 cores per cpu, 2 threads per core) family 6 model 58 stepping 9, cmov, cx8, fxsr, mmx, sse, sse2, sse3, ssse3, sse4.1, sse4.2, popcnt, avx, aes, clmul, erms, ht, tsc, tscinvbit, tscinv

Memory: 4k page, physical 8284524k(2902596k free), swap 13025008k(6135448k free)

vm_info: Java HotSpot(TM) 64-Bit Server VM (25.151-b12) for windows-amd64 JRE (1.8.0_151-b12), built on Sep  5 2017 19:33:46 by "java_re" with MS VC++ 10.0 (VS2010)

time: Sun Jan 07 13:16:18 2018
elapsed time: 314 seconds (0d 0h 5m 14s)

